<?xml version="1.0" encoding="UTF-8"?>
<!-- Generated by org.testng.reporters.JUnitXMLReporter -->
<testsuite ignored="0" hostname="C40LAP-13649" failures="0" tests="3" name="Add Customer Test" time="9.992" errors="0" timestamp="21 Jul 2022 07:39:29 GMT">
  <testcase classname="com.bt.testcases.AddCustomerTest" name="addCustomerTest" time="3.423"/>
  <testcase classname="com.bt.testcases.AddCustomerTest" name="addCustomerTest" time="3.223"/>
  <testcase classname="com.bt.testcases.AddCustomerTest" name="addCustomerTest" time="3.218"/>
</testsuite> <!-- Add Customer Test -->
