<?xml version="1.0" encoding="UTF-8"?>
<testng-results ignored="0" total="1" passed="1" failed="0" skipped="0">
  <reporter-output>
  </reporter-output>
  <suite started-at="2023-11-22T11:28:13Z" name="Suite" finished-at="2023-11-22T11:28:13Z" duration-ms="446">
    <groups>
    </groups>
    <test started-at="2023-11-22T11:28:13Z" name="Test" finished-at="2023-11-22T11:28:13Z" duration-ms="446">
      <class name="tests.CheckBoxSelectionTest">
        <test-method is-config="true" signature="setUp()[pri:0, instance:tests.CheckBoxSelectionTest@235ecd9f]" started-at="2023-11-22T16:58:01Z" name="setUp" finished-at="2023-11-22T16:58:13Z" duration-ms="11718" status="PASS">
          <reporter-output>
          </reporter-output>
        </test-method> <!-- setUp -->
        <test-method signature="checkBoxChkTestCase()[pri:0, instance:tests.CheckBoxSelectionTest@235ecd9f]" started-at="2023-11-22T16:58:13Z" name="checkBoxChkTestCase" finished-at="2023-11-22T16:58:13Z" duration-ms="396" status="PASS">
          <reporter-output>
          </reporter-output>
        </test-method> <!-- checkBoxChkTestCase -->
        <test-method is-config="true" signature="tearDown()[pri:0, instance:tests.CheckBoxSelectionTest@235ecd9f]" started-at="2023-11-22T16:58:14Z" name="tearDown" finished-at="2023-11-22T16:58:14Z" duration-ms="589" status="PASS">
          <reporter-output>
          </reporter-output>
        </test-method> <!-- tearDown -->
      </class> <!-- tests.CheckBoxSelectionTest -->
    </test> <!-- Test -->
  </suite> <!-- Suite -->
</testng-results>
